Arguments: 
  /Users/jike/.nvm/versions/node/v16.13.1/bin/node /Users/jike/.nvm/versions/node/v16.13.1/bin/yarn czp

PATH: 
  /Users/jike/.nvm/versions/node/v16.13.1/bin:/opt/homebrew/bin:/opt/homebrew/sbin:/usr/local/bin:/System/Cryptexes/App/usr/bin:/usr/bin:/bin:/usr/sbin:/sbin:/Library/Apple/usr/bin:/Users/jike/.nvm/versions/node/v16.13.1/bin:/opt/homebrew/bin:/opt/homebrew/sbin:/Users/jike/.fig/bin:/Users/jike/.local/bin:/Users/jike/.local/share/fig/plugins/git-flow:/Users/jike/.local/share/fig/plugins/git-flow

Yarn version: 
  1.22.17

Node version: 
  16.13.1

Platform: 
  darwin x64

Trace: 
  SyntaxError: /Users/jike/Desktop/Developer/myGoogleExtension/package.json: Unexpected token } in JSON at position 206
      at JSON.parse (<anonymous>)
      at /Users/jike/.nvm/versions/node/v16.13.1/lib/node_modules/yarn/lib/cli.js:1625:59
      at Generator.next (<anonymous>)
      at step (/Users/jike/.nvm/versions/node/v16.13.1/lib/node_modules/yarn/lib/cli.js:310:30)
      at /Users/jike/.nvm/versions/node/v16.13.1/lib/node_modules/yarn/lib/cli.js:321:13

npm manifest: 
  {
    "name": "chrome-translater-extension",
    "version": "1.0.0",
    "main": "index.js",
    "license": "MIT",
    "scripts": {
      "cz": "git add . && git cz",
      "czp": "yarn cz && git push -u origin HEAD",
    },
    "config": {
      "commitizen": {
        "path": "git-cz"
      }
    }
  }

yarn manifest: 
  No manifest

Lockfile: 
  No lockfile
